2025-11-15 11:33:06.607 [restartedMain] INFO  c.e.r.RestroSuiteApplication - Starting RestroSuiteApplication using Java 21.0.8 with PID 57716 (C:\Users\yogin\OneDrive\Desktop\Java Project\petpooja-clone\backend\petpooja_clone\target\classes started by yogin in C:\Users\yogin\OneDrive\Desktop\Java Project\petpooja-clone\backend\petpooja_clone)
2025-11-15 11:33:06.616 [restartedMain] INFO  c.e.r.RestroSuiteApplication - No active profile set, falling back to 1 default profile: "default"
2025-11-15 11:33:06.706 [restartedMain] INFO  o.s.b.d.e.DevToolsPropertyDefaultsPostProcessor - Devtools property defaults active! Set 'spring.devtools.add-properties' to 'false' to disable
2025-11-15 11:33:06.706 [restartedMain] INFO  o.s.b.d.e.DevToolsPropertyDefaultsPostProcessor - For additional web related logging consider setting the 'logging.level.web' property to 'DEBUG'
2025-11-15 11:33:09.622 [restartedMain] INFO  o.s.d.r.c.RepositoryConfigurationDelegate - Bootstrapping Spring Data JPA repositories in DEFAULT mode.
2025-11-15 11:33:09.927 [restartedMain] INFO  o.s.d.r.c.RepositoryConfigurationDelegate - Finished Spring Data repository scanning in 280 ms. Found 17 JPA repository interfaces.
2025-11-15 11:33:11.434 [restartedMain] INFO  o.s.b.w.e.tomcat.TomcatWebServer - Tomcat initialized with port 8080 (http)
2025-11-15 11:33:11.460 [restartedMain] INFO  o.a.catalina.core.StandardService - Starting service [Tomcat]
2025-11-15 11:33:11.460 [restartedMain] INFO  o.a.catalina.core.StandardEngine - Starting Servlet engine: [Apache Tomcat/10.1.48]
2025-11-15 11:33:11.558 [restartedMain] INFO  o.a.c.c.C.[Tomcat].[localhost].[/] - Initializing Spring embedded WebApplicationContext
2025-11-15 11:33:11.558 [restartedMain] INFO  o.s.b.w.s.c.ServletWebServerApplicationContext - Root WebApplicationContext: initialization completed in 4852 ms
2025-11-15 11:33:11.750 [restartedMain] WARN  c.e.restrosuite.security.JwtUtil - JWT_SECRET not set, using in-memory key (NOT SECURE FOR PRODUCTION)
2025-11-15 11:33:11.870 [restartedMain] INFO  c.e.r.security.CognitoTokenValidator - Initializing Cognito JWT processor with JWK URL: https://cognito-idp.ap-south-1.amazonaws.com/ap-south-1_7YeOOqnqx/.well-known/jwks.json
2025-11-15 11:33:11.911 [restartedMain] INFO  c.e.r.security.CognitoTokenValidator - Cognito JWT processor initialized successfully
2025-11-15 11:33:13.093 [restartedMain] INFO  o.s.o.j.p.SpringPersistenceUnitInfo - No LoadTimeWeaver setup: ignoring JPA class transformer
2025-11-15 11:33:13.148 [restartedMain] INFO  com.zaxxer.hikari.HikariDataSource - HikariPool-1 - Starting...
2025-11-15 11:33:13.775 [restartedMain] INFO  com.zaxxer.hikari.pool.HikariPool - HikariPool-1 - Added connection org.postgresql.jdbc.PgConnection@577eb548
2025-11-15 11:33:13.794 [restartedMain] INFO  com.zaxxer.hikari.HikariDataSource - HikariPool-1 - Start completed.
2025-11-15 11:33:13.947 [restartedMain] WARN  org.hibernate.orm.deprecation - HHH90000025: PostgreSQLDialect does not need to be specified explicitly using 'hibernate.dialect' (remove the property setting and it will be selected by default)
2025-11-15 11:33:17.728 [restartedMain] INFO  o.s.o.j.LocalContainerEntityManagerFactoryBean - Initialized JPA EntityManagerFactory for persistence unit 'default'
2025-11-15 11:33:18.582 [restartedMain] INFO  o.s.d.j.r.query.QueryEnhancerFactory - Hibernate is in classpath; If applicable, HQL parser will be used.
2025-11-15 11:33:20.778 [restartedMain] WARN  o.s.b.a.o.j.JpaBaseConfiguration$JpaWebConfiguration - spring.jpa.open-in-view is enabled by default. Therefore, database queries may be performed during view rendering. Explicitly configure spring.jpa.open-in-view to disable this warning
2025-11-15 11:33:20.852 [restartedMain] WARN  o.s.b.a.s.s.UserDetailsServiceAutoConfiguration - 

Using generated security password: 8ed339a8-e058-4a03-9e96-b3ef6b58e209

This generated password is for development use only. Your security configuration must be updated before running your application in production.

2025-11-15 11:33:20.866 [restartedMain] INFO  o.s.s.c.a.a.c.InitializeUserDetailsBeanManagerConfigurer$InitializeUserDetailsManagerConfigurer - Global AuthenticationManager configured with UserDetailsService bean with name inMemoryUserDetailsManager
2025-11-15 11:33:21.521 [restartedMain] INFO  o.s.b.a.e.web.EndpointLinksResolver - Exposing 2 endpoints beneath base path '/actuator'
2025-11-15 11:33:22.455 [restartedMain] INFO  o.s.b.d.a.OptionalLiveReloadServer - LiveReload server is running on port 35729
2025-11-15 11:33:22.601 [restartedMain] INFO  o.s.m.s.b.SimpleBrokerMessageHandler - Starting...
2025-11-15 11:33:22.604 [restartedMain] INFO  o.s.m.s.b.SimpleBrokerMessageHandler - BrokerAvailabilityEvent[available=true, SimpleBrokerMessageHandler [org.springframework.messaging.simp.broker.DefaultSubscriptionRegistry@1639aec8]]
2025-11-15 11:33:22.604 [restartedMain] INFO  o.s.m.s.b.SimpleBrokerMessageHandler - Started.
2025-11-15 11:33:22.672 [restartedMain] INFO  o.s.b.w.e.tomcat.TomcatWebServer - Tomcat started on port 8080 (http) with context path '/'
2025-11-15 11:33:22.706 [restartedMain] INFO  c.e.r.RestroSuiteApplication - Started RestroSuiteApplication in 17.282 seconds (process running for 18.8)
2025-11-15 11:33:23.039 [restartedMain] INFO  c.e.r.c.DatabaseInitializationListener - 
2025-11-15 11:33:23.039 [restartedMain] INFO  c.e.r.c.DatabaseInitializationListener - ========================================
2025-11-15 11:33:23.039 [restartedMain] INFO  c.e.r.c.DatabaseInitializationListener - 📊 DATABASE TABLES STATUS CHECK
2025-11-15 11:33:23.039 [restartedMain] INFO  c.e.r.c.DatabaseInitializationListener - ========================================
2025-11-15 11:33:23.066 [restartedMain] INFO  c.e.r.c.DatabaseInitializationListener - 📋 All tables in database: [attendance, bill, customer, discount, employee, ingredient, leave, location, menu_ingredient, menu_item, order_item, orders, outlet, payment, payroll, purchase_order, reservation, restaurant_table, supplier, task, user]
2025-11-15 11:33:23.068 [restartedMain] INFO  c.e.r.c.DatabaseInitializationListener - ✅ Found 10 existing table(s):
2025-11-15 11:33:23.068 [restartedMain] INFO  c.e.r.c.DatabaseInitializationListener -    ✓ Table 'user' exists
2025-11-15 11:33:23.068 [restartedMain] INFO  c.e.r.c.DatabaseInitializationListener -    ✓ Table 'menu_item' exists
2025-11-15 11:33:23.074 [restartedMain] INFO  c.e.r.c.DatabaseInitializationListener -    ✓ Table 'restaurant_table' exists
2025-11-15 11:33:23.074 [restartedMain] INFO  c.e.r.c.DatabaseInitializationListener -    ✓ Table 'orders' exists
2025-11-15 11:33:23.074 [restartedMain] INFO  c.e.r.c.DatabaseInitializationListener -    ✓ Table 'order_item' exists
2025-11-15 11:33:23.076 [restartedMain] INFO  c.e.r.c.DatabaseInitializationListener -    ✓ Table 'bill' exists
2025-11-15 11:33:23.076 [restartedMain] INFO  c.e.r.c.DatabaseInitializationListener -    ✓ Table 'ingredient' exists
2025-11-15 11:33:23.076 [restartedMain] INFO  c.e.r.c.DatabaseInitializationListener -    ✓ Table 'menu_ingredient' exists
2025-11-15 11:33:23.078 [restartedMain] INFO  c.e.r.c.DatabaseInitializationListener -    ✓ Table 'supplier' exists
2025-11-15 11:33:23.078 [restartedMain] INFO  c.e.r.c.DatabaseInitializationListener -    ✓ Table 'purchase_order' exists
2025-11-15 11:33:23.078 [restartedMain] INFO  c.e.r.c.DatabaseInitializationListener - 
2025-11-15 11:33:23.078 [restartedMain] INFO  c.e.r.c.DatabaseInitializationListener - ✅ SUCCESS: All 10 required tables exist!
2025-11-15 11:33:23.078 [restartedMain] INFO  c.e.r.c.DatabaseInitializationListener - ℹ️  Hibernate will update schema automatically if needed (ddl-auto=update)
2025-11-15 11:33:23.082 [restartedMain] INFO  c.e.r.c.DatabaseInitializationListener - ========================================
2025-11-15 11:33:23.082 [restartedMain] INFO  c.e.r.c.DatabaseInitializationListener - 
2025-11-15 11:33:23.333 [restartedMain] INFO  c.e.r.service.SeedDataService - ℹ️  Database already contains data. Skipping main seed data initialization.
2025-11-15 11:33:23.333 [restartedMain] INFO  c.e.r.service.SeedDataService - 🏢 Seeding suppliers...
2025-11-15 11:33:23.335 [restartedMain] INFO  c.e.r.service.SeedDataService -    ⏭️  Suppliers already exist
2025-11-15 11:33:23.335 [restartedMain] INFO  c.e.r.service.SeedDataService - 🥘 Seeding ingredients...
2025-11-15 11:33:23.335 [restartedMain] INFO  c.e.r.service.SeedDataService -    ⏭️  Ingredients already exist
2025-11-15 11:33:23.335 [restartedMain] INFO  c.e.r.service.SeedDataService - 📋 Seeding tasks...
2025-11-15 11:33:23.343 [restartedMain] INFO  c.e.r.service.SeedDataService -    ⏭️  Tasks already exist
2025-11-15 11:33:23.343 [restartedMain] INFO  c.e.r.service.SeedDataService - 👔 Seeding employees...
2025-11-15 11:33:23.343 [restartedMain] INFO  c.e.r.service.SeedDataService -    ⏭️  Employees already exist
2025-11-15 11:33:23.351 [restartedMain] INFO  c.e.r.service.SeedDataService - 🏪 Seeding outlets...
2025-11-15 11:33:23.352 [restartedMain] INFO  c.e.r.service.SeedDataService -    ⏭️  Outlets already exist
2025-11-15 11:34:07.352 [http-nio-8080-exec-1] INFO  o.a.c.c.C.[Tomcat].[localhost].[/] - Initializing Spring DispatcherServlet 'dispatcherServlet'
2025-11-15 12:13:27.944 [File Watcher] INFO  o.s.b.d.a.LocalDevToolsAutoConfiguration$RestartingClassPathChangeChangedEventListener - Restarting due to 90 class path changes (0 additions, 89 deletions, 1 modification)
2025-11-15 12:13:27.962 [Thread-5] INFO  o.s.b.w.e.tomcat.GracefulShutdown - Commencing graceful shutdown. Waiting for active requests to complete
2025-11-15 12:13:27.983 [tomcat-shutdown] INFO  o.s.b.w.e.tomcat.GracefulShutdown - Graceful shutdown complete
2025-11-15 12:13:28.009 [Thread-5] INFO  o.s.m.s.b.SimpleBrokerMessageHandler - Stopping...
2025-11-15 12:13:28.015 [Thread-5] INFO  o.s.m.s.b.SimpleBrokerMessageHandler - BrokerAvailabilityEvent[available=false, SimpleBrokerMessageHandler [org.springframework.messaging.simp.broker.DefaultSubscriptionRegistry@1639aec8]]
2025-11-15 12:13:28.015 [Thread-5] INFO  o.s.m.s.b.SimpleBrokerMessageHandler - Stopped.
2025-11-15 12:13:28.033 [Thread-5] INFO  o.s.o.j.LocalContainerEntityManagerFactoryBean - Closing JPA EntityManagerFactory for persistence unit 'default'
2025-11-15 12:13:28.042 [Thread-5] INFO  com.zaxxer.hikari.HikariDataSource - HikariPool-1 - Shutdown initiated...
2025-11-15 12:13:28.051 [Thread-5] INFO  com.zaxxer.hikari.HikariDataSource - HikariPool-1 - Shutdown completed.
2025-11-15 12:13:28.376 [restartedMain] INFO  c.e.r.RestroSuiteApplication - Starting RestroSuiteApplication using Java 21.0.8 with PID 57716 (C:\Users\yogin\OneDrive\Desktop\Java Project\petpooja-clone\backend\petpooja_clone\target\classes started by yogin in C:\Users\yogin\OneDrive\Desktop\Java Project\petpooja-clone\backend\petpooja_clone)
2025-11-15 12:13:28.376 [restartedMain] INFO  c.e.r.RestroSuiteApplication - No active profile set, falling back to 1 default profile: "default"
2025-11-15 12:13:29.575 [restartedMain] INFO  o.s.d.r.c.RepositoryConfigurationDelegate - Bootstrapping Spring Data JPA repositories in DEFAULT mode.
2025-11-15 12:13:29.583 [restartedMain] INFO  o.s.d.r.c.RepositoryConfigurationDelegate - Finished Spring Data repository scanning in 2 ms. Found 0 JPA repository interfaces.
2025-11-15 12:13:29.998 [restartedMain] INFO  o.s.b.w.e.tomcat.TomcatWebServer - Tomcat initialized with port 8080 (http)
2025-11-15 12:13:29.998 [restartedMain] INFO  o.a.catalina.core.StandardService - Starting service [Tomcat]
2025-11-15 12:13:30.010 [restartedMain] INFO  o.a.catalina.core.StandardEngine - Starting Servlet engine: [Apache Tomcat/10.1.48]
2025-11-15 12:13:30.093 [restartedMain] INFO  o.a.c.c.C.[Tomcat].[localhost].[/] - Initializing Spring embedded WebApplicationContext
2025-11-15 12:13:30.093 [restartedMain] INFO  o.s.b.w.s.c.ServletWebServerApplicationContext - Root WebApplicationContext: initialization completed in 1709 ms
2025-11-15 12:13:30.397 [restartedMain] INFO  o.s.o.j.p.SpringPersistenceUnitInfo - No LoadTimeWeaver setup: ignoring JPA class transformer
2025-11-15 12:13:30.397 [restartedMain] INFO  com.zaxxer.hikari.HikariDataSource - HikariPool-2 - Starting...
2025-11-15 12:13:30.555 [restartedMain] INFO  com.zaxxer.hikari.pool.HikariPool - HikariPool-2 - Added connection org.postgresql.jdbc.PgConnection@39c181b8
2025-11-15 12:13:30.555 [restartedMain] INFO  com.zaxxer.hikari.HikariDataSource - HikariPool-2 - Start completed.
2025-11-15 12:13:30.584 [restartedMain] WARN  org.hibernate.orm.deprecation - HHH90000025: PostgreSQLDialect does not need to be specified explicitly using 'hibernate.dialect' (remove the property setting and it will be selected by default)
2025-11-15 12:13:30.660 [restartedMain] INFO  o.s.o.j.LocalContainerEntityManagerFactoryBean - Initialized JPA EntityManagerFactory for persistence unit 'default'
2025-11-15 12:13:30.782 [restartedMain] WARN  o.s.b.a.o.j.JpaBaseConfiguration$JpaWebConfiguration - spring.jpa.open-in-view is enabled by default. Therefore, database queries may be performed during view rendering. Explicitly configure spring.jpa.open-in-view to disable this warning
2025-11-15 12:13:31.243 [restartedMain] WARN  o.s.b.a.s.s.UserDetailsServiceAutoConfiguration - 

Using generated security password: 1be7e1e3-797f-485b-8e33-a2f6aab9a628

This generated password is for development use only. Your security configuration must be updated before running your application in production.

2025-11-15 12:13:31.243 [restartedMain] INFO  o.s.s.c.a.a.c.InitializeUserDetailsBeanManagerConfigurer$InitializeUserDetailsManagerConfigurer - Global AuthenticationManager configured with UserDetailsService bean with name inMemoryUserDetailsManager
2025-11-15 12:13:31.312 [restartedMain] INFO  o.s.b.a.e.web.EndpointLinksResolver - Exposing 2 endpoints beneath base path '/actuator'
2025-11-15 12:13:31.443 [restartedMain] INFO  o.s.b.d.a.OptionalLiveReloadServer - LiveReload server is running on port 35729
2025-11-15 12:13:31.499 [restartedMain] INFO  o.s.b.w.e.tomcat.TomcatWebServer - Tomcat started on port 8080 (http) with context path '/'
2025-11-15 12:13:31.513 [restartedMain] INFO  c.e.r.RestroSuiteApplication - Started RestroSuiteApplication in 3.314 seconds (process running for 2427.61)
2025-11-15 12:13:31.526 [restartedMain] INFO  o.s.b.d.a.ConditionEvaluationDeltaLoggingListener - Condition evaluation delta:


==========================
CONDITION EVALUATION DELTA
==========================


Positive matches:
-----------------

   ManagementWebSecurityAutoConfiguration matched:
      - found 'session' scope (OnWebApplicationCondition)
      - AllNestedConditions 2 matched 0 did not; NestedCondition on DefaultWebSecurityCondition.Beans @ConditionalOnMissingBean (types: org.springframework.security.web.SecurityFilterChain; SearchStrategy: all) did not find any beans; NestedCondition on DefaultWebSecurityCondition.Classes @ConditionalOnClass found required classes 'org.springframework.security.web.SecurityFilterChain', 'org.springframework.security.config.annotation.web.builders.HttpSecurity' (DefaultWebSecurityCondition)

   TaskExecutorConfigurations.AsyncConfigurerConfiguration matched:
      - @ConditionalOnMissingBean (types: org.springframework.scheduling.annotation.AsyncConfigurer; SearchStrategy: all) did not find any beans (OnBeanCondition)

   TaskExecutorConfigurations.AsyncConfigurerConfiguration#applicationTaskExecutorAsyncConfigurer matched:
      - @ConditionalOnMissingBean (types: org.springframework.scheduling.annotation.AsyncConfigurer; SearchStrategy: all) did not find any beans (OnBeanCondition)

   TaskExecutorConfigurations.TaskExecutorConfiguration matched:
      - AnyNestedCondition 1 matched 1 did not; NestedCondition on TaskExecutorConfigurations.OnExecutorCondition.ModelCondition @ConditionalOnProperty (spring.task.execution.mode=force) did not find property 'spring.task.execution.mode'; NestedCondition on TaskExecutorConfigurations.OnExecutorCondition.ExecutorBeanCondition @ConditionalOnMissingBean (types: java.util.concurrent.Executor; SearchStrategy: all) did not find any beans (TaskExecutorConfigurations.OnExecutorCondition)

   TaskExecutorConfigurations.TaskExecutorConfiguration#applicationTaskExecutor matched:
      - @ConditionalOnThreading found PLATFORM (OnThreadingCondition)


Negative matches:
-----------------

   TaskExecutorConfigurations.TaskExecutorConfiguration#applicationTaskExecutorVirtualThreads:
      Did not match:
         - @ConditionalOnThreading did not find VIRTUAL (OnThreadingCondition)

   WebSocketMessagingAutoConfiguration.WebSocketMessageConverterConfiguration:
      Did not match:
         - @ConditionalOnBean (types: org.springframework.web.socket.config.annotation.DelegatingWebSocketMessageBrokerConfiguration,com.fasterxml.jackson.databind.ObjectMapper; SearchStrategy: all) did not find any beans of type org.springframework.web.socket.config.annotation.DelegatingWebSocketMessageBrokerConfiguration (OnBeanCondition)
      Matched:
         - @ConditionalOnClass found required classes 'com.fasterxml.jackson.databind.ObjectMapper', 'org.springframework.messaging.simp.config.AbstractMessageBrokerConfiguration' (OnClassCondition)


Exclusions:
-----------

    None


Unconditional classes:
----------------------

    None



2025-11-15 12:13:33.011 [http-nio-8080-exec-1] INFO  o.a.c.c.C.[Tomcat].[localhost].[/] - Initializing Spring DispatcherServlet 'dispatcherServlet'
2025-11-15 12:16:06.989 [File Watcher] INFO  o.s.b.d.a.LocalDevToolsAutoConfiguration$RestartingClassPathChangeChangedEventListener - Restarting due to 107 class path changes (107 additions, 0 deletions, 0 modifications)
2025-11-15 12:16:06.992 [Thread-26] INFO  o.s.b.w.e.tomcat.GracefulShutdown - Commencing graceful shutdown. Waiting for active requests to complete
2025-11-15 12:16:07.008 [tomcat-shutdown] INFO  o.s.b.w.e.tomcat.GracefulShutdown - Graceful shutdown complete
2025-11-15 12:16:07.008 [Thread-26] INFO  o.s.o.j.LocalContainerEntityManagerFactoryBean - Closing JPA EntityManagerFactory for persistence unit 'default'
2025-11-15 12:16:07.008 [Thread-26] INFO  com.zaxxer.hikari.HikariDataSource - HikariPool-2 - Shutdown initiated...
2025-11-15 12:16:07.021 [Thread-26] INFO  com.zaxxer.hikari.HikariDataSource - HikariPool-2 - Shutdown completed.
2025-11-15 12:16:07.259 [restartedMain] INFO  c.e.r.RestroSuiteApplication - Starting RestroSuiteApplication using Java 21.0.8 with PID 57716 (C:\Users\yogin\OneDrive\Desktop\Java Project\petpooja-clone\backend\petpooja_clone\target\classes started by yogin in C:\Users\yogin\OneDrive\Desktop\Java Project\petpooja-clone\backend\petpooja_clone)
2025-11-15 12:16:07.259 [restartedMain] INFO  c.e.r.RestroSuiteApplication - No active profile set, falling back to 1 default profile: "default"
2025-11-15 12:16:08.961 [restartedMain] INFO  o.s.d.r.c.RepositoryConfigurationDelegate - Bootstrapping Spring Data JPA repositories in DEFAULT mode.
2025-11-15 12:16:09.074 [restartedMain] INFO  o.s.d.r.c.RepositoryConfigurationDelegate - Finished Spring Data repository scanning in 110 ms. Found 21 JPA repository interfaces.
2025-11-15 12:16:09.456 [restartedMain] INFO  o.s.b.w.e.tomcat.TomcatWebServer - Tomcat initialized with port 8080 (http)
2025-11-15 12:16:09.460 [restartedMain] INFO  o.a.catalina.core.StandardService - Starting service [Tomcat]
2025-11-15 12:16:09.460 [restartedMain] INFO  o.a.catalina.core.StandardEngine - Starting Servlet engine: [Apache Tomcat/10.1.48]
2025-11-15 12:16:09.520 [restartedMain] INFO  o.a.c.c.C.[Tomcat].[localhost].[/] - Initializing Spring embedded WebApplicationContext
2025-11-15 12:16:09.520 [restartedMain] INFO  o.s.b.w.s.c.ServletWebServerApplicationContext - Root WebApplicationContext: initialization completed in 2255 ms
2025-11-15 12:16:09.603 [restartedMain] WARN  c.e.restrosuite.security.JwtUtil - JWT_SECRET not set, using in-memory key (NOT SECURE FOR PRODUCTION)
2025-11-15 12:16:09.612 [restartedMain] INFO  c.e.r.security.CognitoTokenValidator - Initializing Cognito JWT processor with JWK URL: https://cognito-idp.ap-south-1.amazonaws.com/ap-south-1_7YeOOqnqx/.well-known/jwks.json
2025-11-15 12:16:09.616 [restartedMain] INFO  c.e.r.security.CognitoTokenValidator - Cognito JWT processor initialized successfully
2025-11-15 12:16:09.707 [restartedMain] INFO  o.s.o.j.p.SpringPersistenceUnitInfo - No LoadTimeWeaver setup: ignoring JPA class transformer
2025-11-15 12:16:09.711 [restartedMain] INFO  com.zaxxer.hikari.HikariDataSource - HikariPool-3 - Starting...
2025-11-15 12:16:09.816 [restartedMain] INFO  com.zaxxer.hikari.pool.HikariPool - HikariPool-3 - Added connection org.postgresql.jdbc.PgConnection@32b90b19
2025-11-15 12:16:09.816 [restartedMain] INFO  com.zaxxer.hikari.HikariDataSource - HikariPool-3 - Start completed.
2025-11-15 12:16:09.835 [restartedMain] WARN  org.hibernate.orm.deprecation - HHH90000025: PostgreSQLDialect does not need to be specified explicitly using 'hibernate.dialect' (remove the property setting and it will be selected by default)
2025-11-15 12:16:11.437 [restartedMain] INFO  c.e.r.RestroSuiteApplication - Starting RestroSuiteApplication using Java 21.0.8 with PID 9052 (C:\Users\yogin\OneDrive\Desktop\Java Project\petpooja-clone\backend\petpooja_clone\target\classes started by yogin in C:\Users\yogin\OneDrive\Desktop\Java Project\petpooja-clone\backend\petpooja_clone)
2025-11-15 12:16:11.454 [restartedMain] INFO  c.e.r.RestroSuiteApplication - No active profile set, falling back to 1 default profile: "default"
2025-11-15 12:16:11.590 [restartedMain] INFO  o.s.b.d.e.DevToolsPropertyDefaultsPostProcessor - Devtools property defaults active! Set 'spring.devtools.add-properties' to 'false' to disable
2025-11-15 12:16:11.592 [restartedMain] INFO  o.s.b.d.e.DevToolsPropertyDefaultsPostProcessor - For additional web related logging consider setting the 'logging.level.web' property to 'DEBUG'
2025-11-15 12:16:11.978 [restartedMain] INFO  o.s.o.j.LocalContainerEntityManagerFactoryBean - Initialized JPA EntityManagerFactory for persistence unit 'default'
2025-11-15 12:16:13.360 [restartedMain] WARN  o.s.b.a.o.j.JpaBaseConfiguration$JpaWebConfiguration - spring.jpa.open-in-view is enabled by default. Therefore, database queries may be performed during view rendering. Explicitly configure spring.jpa.open-in-view to disable this warning
2025-11-15 12:16:13.392 [restartedMain] WARN  o.s.b.a.s.s.UserDetailsServiceAutoConfiguration - 

Using generated security password: 2ed86acd-5aa2-41e1-be7c-3a03d15ee908

This generated password is for development use only. Your security configuration must be updated before running your application in production.

2025-11-15 12:16:13.396 [restartedMain] INFO  o.s.s.c.a.a.c.InitializeUserDetailsBeanManagerConfigurer$InitializeUserDetailsManagerConfigurer - Global AuthenticationManager configured with UserDetailsService bean with name inMemoryUserDetailsManager
2025-11-15 12:16:13.686 [restartedMain] INFO  o.s.b.a.e.web.EndpointLinksResolver - Exposing 2 endpoints beneath base path '/actuator'
2025-11-15 12:16:13.970 [restartedMain] INFO  o.s.b.d.a.OptionalLiveReloadServer - LiveReload server is running on port 35729
2025-11-15 12:16:14.002 [restartedMain] INFO  o.s.m.s.b.SimpleBrokerMessageHandler - Starting...
2025-11-15 12:16:14.004 [restartedMain] INFO  o.s.m.s.b.SimpleBrokerMessageHandler - BrokerAvailabilityEvent[available=true, SimpleBrokerMessageHandler [org.springframework.messaging.simp.broker.DefaultSubscriptionRegistry@77d55ee3]]
2025-11-15 12:16:14.009 [restartedMain] INFO  o.s.m.s.b.SimpleBrokerMessageHandler - Started.
2025-11-15 12:16:14.019 [restartedMain] INFO  o.s.b.w.e.tomcat.TomcatWebServer - Tomcat started on port 8080 (http) with context path '/'
2025-11-15 12:16:14.044 [restartedMain] INFO  c.e.r.RestroSuiteApplication - Started RestroSuiteApplication in 6.88 seconds (process running for 2590.137)
2025-11-15 12:16:14.050 [restartedMain] INFO  c.e.r.c.DatabaseInitializationListener - 
2025-11-15 12:16:14.052 [restartedMain] INFO  c.e.r.c.DatabaseInitializationListener - ========================================
2025-11-15 12:16:14.052 [restartedMain] INFO  c.e.r.c.DatabaseInitializationListener - 📊 DATABASE TABLES STATUS CHECK
2025-11-15 12:16:14.052 [restartedMain] INFO  c.e.r.c.DatabaseInitializationListener - ========================================
2025-11-15 12:16:14.057 [restartedMain] INFO  c.e.r.c.DatabaseInitializationListener - 📋 All tables in database: [attendance, bill, customer, discount, employee, ingredient, leave, location, menu_ingredient, menu_item, menu_item_modifier_group, menu_modifier, modifier_group, order_item, order_item_modifier, orders, outlet, payment, payroll, purchase_order, reservation, restaurant_table, supplier, task, user]
2025-11-15 12:16:14.064 [restartedMain] INFO  c.e.r.c.DatabaseInitializationListener - ✅ Found 10 existing table(s):
2025-11-15 12:16:14.064 [restartedMain] INFO  c.e.r.c.DatabaseInitializationListener -    ✓ Table 'user' exists
2025-11-15 12:16:14.066 [restartedMain] INFO  c.e.r.c.DatabaseInitializationListener -    ✓ Table 'menu_item' exists
2025-11-15 12:16:14.066 [restartedMain] INFO  c.e.r.c.DatabaseInitializationListener -    ✓ Table 'restaurant_table' exists
2025-11-15 12:16:14.066 [restartedMain] INFO  c.e.r.c.DatabaseInitializationListener -    ✓ Table 'orders' exists
2025-11-15 12:16:14.066 [restartedMain] INFO  c.e.r.c.DatabaseInitializationListener -    ✓ Table 'order_item' exists
2025-11-15 12:16:14.066 [restartedMain] INFO  c.e.r.c.DatabaseInitializationListener -    ✓ Table 'bill' exists
2025-11-15 12:16:14.066 [restartedMain] INFO  c.e.r.c.DatabaseInitializationListener -    ✓ Table 'ingredient' exists
2025-11-15 12:16:14.069 [restartedMain] INFO  c.e.r.c.DatabaseInitializationListener -    ✓ Table 'menu_ingredient' exists
2025-11-15 12:16:14.069 [restartedMain] INFO  c.e.r.c.DatabaseInitializationListener -    ✓ Table 'supplier' exists
2025-11-15 12:16:14.069 [restartedMain] INFO  c.e.r.c.DatabaseInitializationListener -    ✓ Table 'purchase_order' exists
2025-11-15 12:16:14.069 [restartedMain] INFO  c.e.r.c.DatabaseInitializationListener - 
2025-11-15 12:16:14.069 [restartedMain] INFO  c.e.r.c.DatabaseInitializationListener - ✅ SUCCESS: All 10 required tables exist!
2025-11-15 12:16:14.069 [restartedMain] INFO  c.e.r.c.DatabaseInitializationListener - ℹ️  Hibernate will update schema automatically if needed (ddl-auto=update)
2025-11-15 12:16:14.071 [restartedMain] INFO  c.e.r.c.DatabaseInitializationListener - ========================================
2025-11-15 12:16:14.071 [restartedMain] INFO  c.e.r.c.DatabaseInitializationListener - 
2025-11-15 12:16:14.085 [restartedMain] INFO  c.e.r.service.SeedDataService - ℹ️  Database already contains data. Skipping main seed data initialization.
2025-11-15 12:16:14.085 [restartedMain] INFO  c.e.r.service.SeedDataService - 🏢 Seeding suppliers...
2025-11-15 12:16:14.088 [restartedMain] INFO  c.e.r.service.SeedDataService -    ⏭️  Suppliers already exist
2025-11-15 12:16:14.088 [restartedMain] INFO  c.e.r.service.SeedDataService - 🥘 Seeding ingredients...
2025-11-15 12:16:14.097 [restartedMain] INFO  c.e.r.service.SeedDataService -    ⏭️  Ingredients already exist
2025-11-15 12:16:14.097 [restartedMain] INFO  c.e.r.service.SeedDataService - 📋 Seeding tasks...
2025-11-15 12:16:14.105 [restartedMain] INFO  c.e.r.service.SeedDataService -    ⏭️  Tasks already exist
2025-11-15 12:16:14.105 [restartedMain] INFO  c.e.r.service.SeedDataService - 👔 Seeding employees...
2025-11-15 12:16:14.105 [restartedMain] INFO  c.e.r.service.SeedDataService -    ⏭️  Employees already exist
2025-11-15 12:16:14.105 [restartedMain] INFO  c.e.r.service.SeedDataService - 🏪 Seeding outlets...
2025-11-15 12:16:14.116 [restartedMain] INFO  c.e.r.service.SeedDataService -    ⏭️  Outlets already exist
2025-11-15 12:16:14.122 [restartedMain] INFO  o.s.b.d.a.ConditionEvaluationDeltaLoggingListener - Condition evaluation delta:


==========================
CONDITION EVALUATION DELTA
==========================


Positive matches:
-----------------

   TaskSchedulingAutoConfiguration#scheduledBeanLazyInitializationExcludeFilter matched:
      - @ConditionalOnBean (names: org.springframework.context.annotation.internalScheduledAnnotationProcessor; SearchStrategy: all) found bean 'org.springframework.context.annotation.internalScheduledAnnotationProcessor' (OnBeanCondition)

   WebSocketMessagingAutoConfiguration.WebSocketMessageConverterConfiguration matched:
      - @ConditionalOnClass found required classes 'com.fasterxml.jackson.databind.ObjectMapper', 'org.springframework.messaging.simp.config.AbstractMessageBrokerConfiguration' (OnClassCondition)
      - @ConditionalOnBean (types: org.springframework.web.socket.config.annotation.DelegatingWebSocketMessageBrokerConfiguration,com.fasterxml.jackson.databind.ObjectMapper; SearchStrategy: all) found beans 'jacksonObjectMapper', 'org.springframework.web.socket.config.annotation.DelegatingWebSocketMessageBrokerConfiguration' (OnBeanCondition)


Negative matches:
-----------------

   ManagementWebSecurityAutoConfiguration:
      Did not match:
         - AllNestedConditions 1 matched 1 did not; NestedCondition on DefaultWebSecurityCondition.Beans @ConditionalOnMissingBean (types: org.springframework.security.web.SecurityFilterChain; SearchStrategy: all) found beans of type 'org.springframework.security.web.SecurityFilterChain' filterChain; NestedCondition on DefaultWebSecurityCondition.Classes @ConditionalOnClass found required classes 'org.springframework.security.web.SecurityFilterChain', 'org.springframework.security.config.annotation.web.builders.HttpSecurity' (DefaultWebSecurityCondition)
      Matched:
         - found 'session' scope (OnWebApplicationCondition)

   TaskExecutorConfigurations.TaskExecutorConfiguration:
      Did not match:
         - AnyNestedCondition 0 matched 2 did not; NestedCondition on TaskExecutorConfigurations.OnExecutorCondition.ModelCondition @ConditionalOnProperty (spring.task.execution.mode=force) did not find property 'spring.task.execution.mode'; NestedCondition on TaskExecutorConfigurations.OnExecutorCondition.ExecutorBeanCondition @ConditionalOnMissingBean (types: java.util.concurrent.Executor; SearchStrategy: all) found beans of type 'java.util.concurrent.Executor' clientInboundChannelExecutor, clientOutboundChannelExecutor, brokerChannelExecutor (TaskExecutorConfigurations.OnExecutorCondition)


Exclusions:
-----------

    None


Unconditional classes:
----------------------

    None



2025-11-15 12:16:14.502 [restartedMain] INFO  o.s.d.r.c.RepositoryConfigurationDelegate - Bootstrapping Spring Data JPA repositories in DEFAULT mode.
2025-11-15 12:16:14.736 [restartedMain] INFO  o.s.d.r.c.RepositoryConfigurationDelegate - Finished Spring Data repository scanning in 210 ms. Found 21 JPA repository interfaces.
2025-11-15 12:16:16.369 [restartedMain] INFO  o.s.b.w.e.tomcat.TomcatWebServer - Tomcat initialized with port 8080 (http)
2025-11-15 12:16:16.402 [restartedMain] INFO  o.a.catalina.core.StandardService - Starting service [Tomcat]
2025-11-15 12:16:16.402 [restartedMain] INFO  o.a.catalina.core.StandardEngine - Starting Servlet engine: [Apache Tomcat/10.1.48]
2025-11-15 12:16:16.522 [restartedMain] INFO  o.a.c.c.C.[Tomcat].[localhost].[/] - Initializing Spring embedded WebApplicationContext
2025-11-15 12:16:16.522 [restartedMain] INFO  o.s.b.w.s.c.ServletWebServerApplicationContext - Root WebApplicationContext: initialization completed in 4928 ms
2025-11-15 12:16:16.736 [restartedMain] WARN  c.e.restrosuite.security.JwtUtil - JWT_SECRET not set, using in-memory key (NOT SECURE FOR PRODUCTION)
2025-11-15 12:16:16.769 [restartedMain] INFO  c.e.r.security.CognitoTokenValidator - Initializing Cognito JWT processor with JWK URL: https://cognito-idp.ap-south-1.amazonaws.com/ap-south-1_7YeOOqnqx/.well-known/jwks.json
2025-11-15 12:16:16.802 [restartedMain] INFO  c.e.r.security.CognitoTokenValidator - Cognito JWT processor initialized successfully
2025-11-15 12:16:18.102 [restartedMain] INFO  o.s.o.j.p.SpringPersistenceUnitInfo - No LoadTimeWeaver setup: ignoring JPA class transformer
2025-11-15 12:16:18.179 [restartedMain] INFO  com.zaxxer.hikari.HikariDataSource - HikariPool-1 - Starting...
2025-11-15 12:16:18.537 [restartedMain] INFO  com.zaxxer.hikari.pool.HikariPool - HikariPool-1 - Added connection org.postgresql.jdbc.PgConnection@8f9e056
2025-11-15 12:16:18.547 [restartedMain] INFO  com.zaxxer.hikari.HikariDataSource - HikariPool-1 - Start completed.
2025-11-15 12:16:18.642 [restartedMain] WARN  org.hibernate.orm.deprecation - HHH90000025: PostgreSQLDialect does not need to be specified explicitly using 'hibernate.dialect' (remove the property setting and it will be selected by default)
2025-11-15 12:16:22.066 [restartedMain] INFO  o.s.o.j.LocalContainerEntityManagerFactoryBean - Initialized JPA EntityManagerFactory for persistence unit 'default'
2025-11-15 12:16:22.678 [restartedMain] INFO  o.s.d.j.r.query.QueryEnhancerFactory - Hibernate is in classpath; If applicable, HQL parser will be used.
2025-11-15 12:16:24.785 [restartedMain] WARN  o.s.b.a.o.j.JpaBaseConfiguration$JpaWebConfiguration - spring.jpa.open-in-view is enabled by default. Therefore, database queries may be performed during view rendering. Explicitly configure spring.jpa.open-in-view to disable this warning
2025-11-15 12:16:24.864 [restartedMain] WARN  o.s.b.a.s.s.UserDetailsServiceAutoConfiguration - 

Using generated security password: 6fc08afd-d179-4f82-8fe3-f1653a12d72f

This generated password is for development use only. Your security configuration must be updated before running your application in production.

2025-11-15 12:16:24.869 [restartedMain] INFO  o.s.s.c.a.a.c.InitializeUserDetailsBeanManagerConfigurer$InitializeUserDetailsManagerConfigurer - Global AuthenticationManager configured with UserDetailsService bean with name inMemoryUserDetailsManager
2025-11-15 12:16:25.516 [restartedMain] INFO  o.s.b.a.e.web.EndpointLinksResolver - Exposing 2 endpoints beneath base path '/actuator'
2025-11-15 12:16:26.197 [restartedMain] WARN  o.s.b.d.a.OptionalLiveReloadServer - Unable to start LiveReload server
2025-11-15 12:16:26.302 [restartedMain] INFO  o.s.m.s.b.SimpleBrokerMessageHandler - Starting...
2025-11-15 12:16:26.302 [restartedMain] INFO  o.s.m.s.b.SimpleBrokerMessageHandler - BrokerAvailabilityEvent[available=true, SimpleBrokerMessageHandler [org.springframework.messaging.simp.broker.DefaultSubscriptionRegistry@63305bf0]]
2025-11-15 12:16:26.302 [restartedMain] INFO  o.s.m.s.b.SimpleBrokerMessageHandler - Started.
2025-11-15 12:16:26.319 [restartedMain] INFO  o.s.m.s.b.SimpleBrokerMessageHandler - Stopping...
2025-11-15 12:16:26.319 [restartedMain] INFO  o.s.m.s.b.SimpleBrokerMessageHandler - BrokerAvailabilityEvent[available=false, SimpleBrokerMessageHandler [org.springframework.messaging.simp.broker.DefaultSubscriptionRegistry@63305bf0]]
2025-11-15 12:16:26.319 [restartedMain] INFO  o.s.m.s.b.SimpleBrokerMessageHandler - Stopped.
2025-11-15 12:16:26.330 [restartedMain] WARN  o.s.b.w.s.c.AnnotationConfigServletWebServerApplicationContext - Exception encountered during context initialization - cancelling refresh attempt: org.springframework.context.ApplicationContextException: Failed to start bean 'webServerStartStop'
2025-11-15 12:16:26.354 [restartedMain] INFO  o.s.o.j.LocalContainerEntityManagerFactoryBean - Closing JPA EntityManagerFactory for persistence unit 'default'
2025-11-15 12:16:26.361 [restartedMain] INFO  com.zaxxer.hikari.HikariDataSource - HikariPool-1 - Shutdown initiated...
2025-11-15 12:16:26.380 [restartedMain] INFO  com.zaxxer.hikari.HikariDataSource - HikariPool-1 - Shutdown completed.
2025-11-15 12:16:26.405 [restartedMain] INFO  o.s.b.a.l.ConditionEvaluationReportLogger - 

Error starting ApplicationContext. To display the condition evaluation report re-run your application with 'debug' enabled.
2025-11-15 12:16:26.481 [restartedMain] ERROR o.s.b.d.LoggingFailureAnalysisReporter - 

***************************
APPLICATION FAILED TO START
***************************

Description:

Web server failed to start. Port 8080 was already in use.

Action:

Identify and stop the process that's listening on port 8080 or configure this application to listen on another port.

2025-11-15 12:16:35.996 [http-nio-8080-exec-1] INFO  o.a.c.c.C.[Tomcat].[localhost].[/] - Initializing Spring DispatcherServlet 'dispatcherServlet'
2025-11-15 12:17:21.036 [SpringApplicationShutdownHook] INFO  o.s.b.w.e.tomcat.GracefulShutdown - Commencing graceful shutdown. Waiting for active requests to complete
2025-11-15 12:17:21.044 [tomcat-shutdown] INFO  o.s.b.w.e.tomcat.GracefulShutdown - Graceful shutdown complete
2025-11-15 12:17:21.048 [SpringApplicationShutdownHook] INFO  o.s.m.s.b.SimpleBrokerMessageHandler - Stopping...
2025-11-15 12:17:21.052 [SpringApplicationShutdownHook] INFO  o.s.m.s.b.SimpleBrokerMessageHandler - BrokerAvailabilityEvent[available=false, SimpleBrokerMessageHandler [org.springframework.messaging.simp.broker.DefaultSubscriptionRegistry@77d55ee3]]
2025-11-15 12:17:21.053 [SpringApplicationShutdownHook] INFO  o.s.m.s.b.SimpleBrokerMessageHandler - Stopped.
2025-11-15 12:17:21.059 [SpringApplicationShutdownHook] INFO  o.s.o.j.LocalContainerEntityManagerFactoryBean - Closing JPA EntityManagerFactory for persistence unit 'default'
2025-11-15 12:17:21.062 [SpringApplicationShutdownHook] INFO  com.zaxxer.hikari.HikariDataSource - HikariPool-3 - Shutdown initiated...
2025-11-15 12:17:21.086 [SpringApplicationShutdownHook] INFO  com.zaxxer.hikari.HikariDataSource - HikariPool-3 - Shutdown completed.
2025-11-15 12:17:32.316 [restartedMain] INFO  c.e.r.RestroSuiteApplication - Starting RestroSuiteApplication using Java 21.0.8 with PID 12392 (C:\Users\yogin\OneDrive\Desktop\Java Project\petpooja-clone\backend\petpooja_clone\target\classes started by yogin in C:\Users\yogin\OneDrive\Desktop\Java Project\petpooja-clone\backend\petpooja_clone)
2025-11-15 12:17:32.322 [restartedMain] INFO  c.e.r.RestroSuiteApplication - No active profile set, falling back to 1 default profile: "default"
2025-11-15 12:17:32.451 [restartedMain] INFO  o.s.b.d.e.DevToolsPropertyDefaultsPostProcessor - Devtools property defaults active! Set 'spring.devtools.add-properties' to 'false' to disable
2025-11-15 12:17:32.451 [restartedMain] INFO  o.s.b.d.e.DevToolsPropertyDefaultsPostProcessor - For additional web related logging consider setting the 'logging.level.web' property to 'DEBUG'
2025-11-15 12:17:34.208 [restartedMain] INFO  o.s.d.r.c.RepositoryConfigurationDelegate - Bootstrapping Spring Data JPA repositories in DEFAULT mode.
2025-11-15 12:17:34.357 [restartedMain] INFO  o.s.d.r.c.RepositoryConfigurationDelegate - Finished Spring Data repository scanning in 134 ms. Found 21 JPA repository interfaces.
2025-11-15 12:17:35.125 [restartedMain] INFO  o.s.b.w.e.tomcat.TomcatWebServer - Tomcat initialized with port 8080 (http)
2025-11-15 12:17:35.144 [restartedMain] INFO  o.a.catalina.core.StandardService - Starting service [Tomcat]
2025-11-15 12:17:35.144 [restartedMain] INFO  o.a.catalina.core.StandardEngine - Starting Servlet engine: [Apache Tomcat/10.1.48]
2025-11-15 12:17:35.232 [restartedMain] INFO  o.a.c.c.C.[Tomcat].[localhost].[/] - Initializing Spring embedded WebApplicationContext
2025-11-15 12:17:35.232 [restartedMain] INFO  o.s.b.w.s.c.ServletWebServerApplicationContext - Root WebApplicationContext: initialization completed in 2781 ms
2025-11-15 12:17:35.382 [restartedMain] WARN  c.e.restrosuite.security.JwtUtil - JWT_SECRET not set, using in-memory key (NOT SECURE FOR PRODUCTION)
2025-11-15 12:17:35.411 [restartedMain] INFO  c.e.r.security.CognitoTokenValidator - Initializing Cognito JWT processor with JWK URL: https://cognito-idp.ap-south-1.amazonaws.com/ap-south-1_7YeOOqnqx/.well-known/jwks.json
2025-11-15 12:17:35.439 [restartedMain] INFO  c.e.r.security.CognitoTokenValidator - Cognito JWT processor initialized successfully
2025-11-15 12:17:36.066 [restartedMain] INFO  o.s.o.j.p.SpringPersistenceUnitInfo - No LoadTimeWeaver setup: ignoring JPA class transformer
2025-11-15 12:17:36.116 [restartedMain] INFO  com.zaxxer.hikari.HikariDataSource - HikariPool-1 - Starting...
2025-11-15 12:17:36.349 [restartedMain] INFO  com.zaxxer.hikari.pool.HikariPool - HikariPool-1 - Added connection org.postgresql.jdbc.PgConnection@3d4f88f5
2025-11-15 12:17:36.353 [restartedMain] INFO  com.zaxxer.hikari.HikariDataSource - HikariPool-1 - Start completed.
2025-11-15 12:17:36.400 [restartedMain] WARN  org.hibernate.orm.deprecation - HHH90000025: PostgreSQLDialect does not need to be specified explicitly using 'hibernate.dialect' (remove the property setting and it will be selected by default)
2025-11-15 12:17:38.389 [restartedMain] INFO  o.s.o.j.LocalContainerEntityManagerFactoryBean - Initialized JPA EntityManagerFactory for persistence unit 'default'
2025-11-15 12:17:38.828 [restartedMain] INFO  o.s.d.j.r.query.QueryEnhancerFactory - Hibernate is in classpath; If applicable, HQL parser will be used.
2025-11-15 12:17:40.123 [restartedMain] WARN  o.s.b.a.o.j.JpaBaseConfiguration$JpaWebConfiguration - spring.jpa.open-in-view is enabled by default. Therefore, database queries may be performed during view rendering. Explicitly configure spring.jpa.open-in-view to disable this warning
2025-11-15 12:17:40.167 [restartedMain] WARN  o.s.b.a.s.s.UserDetailsServiceAutoConfiguration - 

Using generated security password: e61b1b91-8005-4a79-a2bf-5d9715ec1478

This generated password is for development use only. Your security configuration must be updated before running your application in production.

2025-11-15 12:17:40.184 [restartedMain] INFO  o.s.s.c.a.a.c.InitializeUserDetailsBeanManagerConfigurer$InitializeUserDetailsManagerConfigurer - Global AuthenticationManager configured with UserDetailsService bean with name inMemoryUserDetailsManager
2025-11-15 12:17:40.609 [restartedMain] INFO  o.s.b.a.e.web.EndpointLinksResolver - Exposing 2 endpoints beneath base path '/actuator'
2025-11-15 12:17:41.105 [restartedMain] INFO  o.s.b.d.a.OptionalLiveReloadServer - LiveReload server is running on port 35729
2025-11-15 12:17:41.163 [restartedMain] INFO  o.s.m.s.b.SimpleBrokerMessageHandler - Starting...
2025-11-15 12:17:41.165 [restartedMain] INFO  o.s.m.s.b.SimpleBrokerMessageHandler - BrokerAvailabilityEvent[available=true, SimpleBrokerMessageHandler [org.springframework.messaging.simp.broker.DefaultSubscriptionRegistry@6cd62cf9]]
2025-11-15 12:17:41.165 [restartedMain] INFO  o.s.m.s.b.SimpleBrokerMessageHandler - Started.
2025-11-15 12:17:41.197 [restartedMain] INFO  o.s.b.w.e.tomcat.TomcatWebServer - Tomcat started on port 8080 (http) with context path '/'
2025-11-15 12:17:41.222 [restartedMain] INFO  c.e.r.RestroSuiteApplication - Started RestroSuiteApplication in 9.599 seconds (process running for 10.324)
2025-11-15 12:17:41.425 [http-nio-8080-exec-1] INFO  o.a.c.c.C.[Tomcat].[localhost].[/] - Initializing Spring DispatcherServlet 'dispatcherServlet'
2025-11-15 12:17:41.476 [restartedMain] INFO  c.e.r.c.DatabaseInitializationListener - 
2025-11-15 12:17:41.476 [restartedMain] INFO  c.e.r.c.DatabaseInitializationListener - ========================================
2025-11-15 12:17:41.476 [restartedMain] INFO  c.e.r.c.DatabaseInitializationListener - 📊 DATABASE TABLES STATUS CHECK
2025-11-15 12:17:41.478 [restartedMain] INFO  c.e.r.c.DatabaseInitializationListener - ========================================
2025-11-15 12:17:41.497 [restartedMain] INFO  c.e.r.c.DatabaseInitializationListener - 📋 All tables in database: [attendance, bill, customer, discount, employee, ingredient, leave, location, menu_ingredient, menu_item, menu_item_modifier_group, menu_modifier, modifier_group, order_item, order_item_modifier, orders, outlet, payment, payroll, purchase_order, reservation, restaurant_table, supplier, task, user]
2025-11-15 12:17:41.498 [restartedMain] INFO  c.e.r.c.DatabaseInitializationListener - ✅ Found 10 existing table(s):
2025-11-15 12:17:41.500 [restartedMain] INFO  c.e.r.c.DatabaseInitializationListener -    ✓ Table 'user' exists
2025-11-15 12:17:41.504 [restartedMain] INFO  c.e.r.c.DatabaseInitializationListener -    ✓ Table 'menu_item' exists
2025-11-15 12:17:41.506 [restartedMain] INFO  c.e.r.c.DatabaseInitializationListener -    ✓ Table 'restaurant_table' exists
2025-11-15 12:17:41.506 [restartedMain] INFO  c.e.r.c.DatabaseInitializationListener -    ✓ Table 'orders' exists
2025-11-15 12:17:41.506 [restartedMain] INFO  c.e.r.c.DatabaseInitializationListener -    ✓ Table 'order_item' exists
2025-11-15 12:17:41.506 [restartedMain] INFO  c.e.r.c.DatabaseInitializationListener -    ✓ Table 'bill' exists
2025-11-15 12:17:41.506 [restartedMain] INFO  c.e.r.c.DatabaseInitializationListener -    ✓ Table 'ingredient' exists
2025-11-15 12:17:41.506 [restartedMain] INFO  c.e.r.c.DatabaseInitializationListener -    ✓ Table 'menu_ingredient' exists
2025-11-15 12:17:41.506 [restartedMain] INFO  c.e.r.c.DatabaseInitializationListener -    ✓ Table 'supplier' exists
2025-11-15 12:17:41.506 [restartedMain] INFO  c.e.r.c.DatabaseInitializationListener -    ✓ Table 'purchase_order' exists
2025-11-15 12:17:41.506 [restartedMain] INFO  c.e.r.c.DatabaseInitializationListener - 
2025-11-15 12:17:41.506 [restartedMain] INFO  c.e.r.c.DatabaseInitializationListener - ✅ SUCCESS: All 10 required tables exist!
2025-11-15 12:17:41.506 [restartedMain] INFO  c.e.r.c.DatabaseInitializationListener - ℹ️  Hibernate will update schema automatically if needed (ddl-auto=update)
2025-11-15 12:17:41.512 [restartedMain] INFO  c.e.r.c.DatabaseInitializationListener - ========================================
2025-11-15 12:17:41.512 [restartedMain] INFO  c.e.r.c.DatabaseInitializationListener - 
2025-11-15 12:17:41.676 [restartedMain] INFO  c.e.r.service.SeedDataService - ℹ️  Database already contains data. Skipping main seed data initialization.
2025-11-15 12:17:41.682 [restartedMain] INFO  c.e.r.service.SeedDataService - 🏢 Seeding suppliers...
2025-11-15 12:17:41.684 [restartedMain] INFO  c.e.r.service.SeedDataService -    ⏭️  Suppliers already exist
2025-11-15 12:17:41.684 [restartedMain] INFO  c.e.r.service.SeedDataService - 🥘 Seeding ingredients...
2025-11-15 12:17:41.690 [restartedMain] INFO  c.e.r.service.SeedDataService -    ⏭️  Ingredients already exist
2025-11-15 12:17:41.691 [restartedMain] INFO  c.e.r.service.SeedDataService - 📋 Seeding tasks...
2025-11-15 12:17:41.694 [restartedMain] INFO  c.e.r.service.SeedDataService -    ⏭️  Tasks already exist
2025-11-15 12:17:41.694 [restartedMain] INFO  c.e.r.service.SeedDataService - 👔 Seeding employees...
2025-11-15 12:17:41.700 [restartedMain] INFO  c.e.r.service.SeedDataService -    ⏭️  Employees already exist
2025-11-15 12:17:41.700 [restartedMain] INFO  c.e.r.service.SeedDataService - 🏪 Seeding outlets...
2025-11-15 12:17:41.700 [restartedMain] INFO  c.e.r.service.SeedDataService -    ⏭️  Outlets already exist
2025-11-15 12:37:25.238 [SpringApplicationShutdownHook] INFO  o.s.b.w.e.tomcat.GracefulShutdown - Commencing graceful shutdown. Waiting for active requests to complete
2025-11-15 12:37:25.258 [tomcat-shutdown] INFO  o.s.b.w.e.tomcat.GracefulShutdown - Graceful shutdown complete
2025-11-15 12:37:25.266 [SpringApplicationShutdownHook] INFO  o.s.m.s.b.SimpleBrokerMessageHandler - Stopping...
2025-11-15 12:37:25.266 [SpringApplicationShutdownHook] INFO  o.s.m.s.b.SimpleBrokerMessageHandler - BrokerAvailabilityEvent[available=false, SimpleBrokerMessageHandler [org.springframework.messaging.simp.broker.DefaultSubscriptionRegistry@6cd62cf9]]
2025-11-15 12:37:25.266 [SpringApplicationShutdownHook] INFO  o.s.m.s.b.SimpleBrokerMessageHandler - Stopped.
2025-11-15 12:37:25.279 [SpringApplicationShutdownHook] INFO  o.s.o.j.LocalContainerEntityManagerFactoryBean - Closing JPA EntityManagerFactory for persistence unit 'default'
2025-11-15 12:37:25.282 [SpringApplicationShutdownHook] INFO  com.zaxxer.hikari.HikariDataSource - HikariPool-1 - Shutdown initiated...
2025-11-15 12:37:25.306 [SpringApplicationShutdownHook] INFO  com.zaxxer.hikari.HikariDataSource - HikariPool-1 - Shutdown completed.
2025-11-15 12:37:48.391 [restartedMain] INFO  c.e.r.RestroSuiteApplication - Starting RestroSuiteApplication using Java 21.0.8 with PID 8524 (C:\Users\yogin\OneDrive\Desktop\Java Project\petpooja-clone\backend\petpooja_clone\target\classes started by yogin in C:\Users\yogin\OneDrive\Desktop\Java Project\petpooja-clone\backend\petpooja_clone)
2025-11-15 12:37:48.391 [restartedMain] INFO  c.e.r.RestroSuiteApplication - No active profile set, falling back to 1 default profile: "default"
2025-11-15 12:37:48.444 [restartedMain] INFO  o.s.b.d.e.DevToolsPropertyDefaultsPostProcessor - Devtools property defaults active! Set 'spring.devtools.add-properties' to 'false' to disable
2025-11-15 12:37:48.452 [restartedMain] INFO  o.s.b.d.e.DevToolsPropertyDefaultsPostProcessor - For additional web related logging consider setting the 'logging.level.web' property to 'DEBUG'
2025-11-15 12:37:49.729 [restartedMain] INFO  o.s.d.r.c.RepositoryConfigurationDelegate - Bootstrapping Spring Data JPA repositories in DEFAULT mode.
2025-11-15 12:37:49.919 [restartedMain] INFO  o.s.d.r.c.RepositoryConfigurationDelegate - Finished Spring Data repository scanning in 175 ms. Found 21 JPA repository interfaces.
2025-11-15 12:37:50.704 [restartedMain] INFO  o.s.b.w.e.tomcat.TomcatWebServer - Tomcat initialized with port 8080 (http)
2025-11-15 12:37:50.735 [restartedMain] INFO  o.a.catalina.core.StandardService - Starting service [Tomcat]
2025-11-15 12:37:50.737 [restartedMain] INFO  o.a.catalina.core.StandardEngine - Starting Servlet engine: [Apache Tomcat/10.1.48]
2025-11-15 12:37:50.835 [restartedMain] INFO  o.a.c.c.C.[Tomcat].[localhost].[/] - Initializing Spring embedded WebApplicationContext
2025-11-15 12:37:50.835 [restartedMain] INFO  o.s.b.w.s.c.ServletWebServerApplicationContext - Root WebApplicationContext: initialization completed in 2383 ms
2025-11-15 12:37:51.021 [restartedMain] WARN  c.e.restrosuite.security.JwtUtil - JWT_SECRET not set, using in-memory key (NOT SECURE FOR PRODUCTION)
2025-11-15 12:37:51.039 [restartedMain] INFO  c.e.r.security.CognitoTokenValidator - Initializing Cognito JWT processor with JWK URL: https://cognito-idp.ap-south-1.amazonaws.com/ap-south-1_7YeOOqnqx/.well-known/jwks.json
2025-11-15 12:37:51.060 [restartedMain] INFO  c.e.r.security.CognitoTokenValidator - Cognito JWT processor initialized successfully
2025-11-15 12:37:51.703 [restartedMain] INFO  o.s.o.j.p.SpringPersistenceUnitInfo - No LoadTimeWeaver setup: ignoring JPA class transformer
2025-11-15 12:37:51.766 [restartedMain] INFO  com.zaxxer.hikari.HikariDataSource - HikariPool-1 - Starting...
2025-11-15 12:37:51.985 [restartedMain] INFO  com.zaxxer.hikari.pool.HikariPool - HikariPool-1 - Added connection org.postgresql.jdbc.PgConnection@4cf10a70
2025-11-15 12:37:51.985 [restartedMain] INFO  com.zaxxer.hikari.HikariDataSource - HikariPool-1 - Start completed.
2025-11-15 12:37:52.038 [restartedMain] WARN  org.hibernate.orm.deprecation - HHH90000025: PostgreSQLDialect does not need to be specified explicitly using 'hibernate.dialect' (remove the property setting and it will be selected by default)
2025-11-15 12:37:54.069 [restartedMain] INFO  o.s.o.j.LocalContainerEntityManagerFactoryBean - Initialized JPA EntityManagerFactory for persistence unit 'default'
2025-11-15 12:37:54.444 [restartedMain] INFO  o.s.d.j.r.query.QueryEnhancerFactory - Hibernate is in classpath; If applicable, HQL parser will be used.
2025-11-15 12:37:55.718 [restartedMain] WARN  o.s.b.a.o.j.JpaBaseConfiguration$JpaWebConfiguration - spring.jpa.open-in-view is enabled by default. Therefore, database queries may be performed during view rendering. Explicitly configure spring.jpa.open-in-view to disable this warning
2025-11-15 12:37:55.768 [restartedMain] WARN  o.s.b.a.s.s.UserDetailsServiceAutoConfiguration - 

Using generated security password: d4336df6-3c68-4007-a05a-733d8508313a

This generated password is for development use only. Your security configuration must be updated before running your application in production.

2025-11-15 12:37:55.779 [restartedMain] INFO  o.s.s.c.a.a.c.InitializeUserDetailsBeanManagerConfigurer$InitializeUserDetailsManagerConfigurer - Global AuthenticationManager configured with UserDetailsService bean with name inMemoryUserDetailsManager
2025-11-15 12:37:56.235 [restartedMain] INFO  o.s.b.a.e.web.EndpointLinksResolver - Exposing 2 endpoints beneath base path '/actuator'
2025-11-15 12:37:56.652 [restartedMain] INFO  o.s.b.d.a.OptionalLiveReloadServer - LiveReload server is running on port 35729
2025-11-15 12:37:56.718 [restartedMain] INFO  o.s.m.s.b.SimpleBrokerMessageHandler - Starting...
2025-11-15 12:37:56.718 [restartedMain] INFO  o.s.m.s.b.SimpleBrokerMessageHandler - BrokerAvailabilityEvent[available=true, SimpleBrokerMessageHandler [org.springframework.messaging.simp.broker.DefaultSubscriptionRegistry@287691cf]]
2025-11-15 12:37:56.718 [restartedMain] INFO  o.s.m.s.b.SimpleBrokerMessageHandler - Started.
2025-11-15 12:37:56.749 [restartedMain] INFO  o.s.b.w.e.tomcat.TomcatWebServer - Tomcat started on port 8080 (http) with context path '/'
2025-11-15 12:37:56.777 [restartedMain] INFO  c.e.r.RestroSuiteApplication - Started RestroSuiteApplication in 9.07 seconds (process running for 9.94)
2025-11-15 12:37:56.863 [restartedMain] INFO  c.e.r.c.DatabaseInitializationListener - 
2025-11-15 12:37:56.863 [restartedMain] INFO  c.e.r.c.DatabaseInitializationListener - ========================================
2025-11-15 12:37:56.863 [restartedMain] INFO  c.e.r.c.DatabaseInitializationListener - 📊 DATABASE TABLES STATUS CHECK
2025-11-15 12:37:56.863 [restartedMain] INFO  c.e.r.c.DatabaseInitializationListener - ========================================
2025-11-15 12:37:56.868 [restartedMain] INFO  c.e.r.c.DatabaseInitializationListener - 📋 All tables in database: [attendance, bill, customer, discount, employee, ingredient, leave, location, menu_ingredient, menu_item, menu_item_modifier_group, menu_modifier, modifier_group, order_item, order_item_modifier, orders, outlet, payment, payroll, purchase_order, reservation, restaurant_table, supplier, task, user]
2025-11-15 12:37:56.868 [restartedMain] INFO  c.e.r.c.DatabaseInitializationListener - ✅ Found 10 existing table(s):
2025-11-15 12:37:56.868 [restartedMain] INFO  c.e.r.c.DatabaseInitializationListener -    ✓ Table 'user' exists
2025-11-15 12:37:56.868 [restartedMain] INFO  c.e.r.c.DatabaseInitializationListener -    ✓ Table 'menu_item' exists
2025-11-15 12:37:56.868 [restartedMain] INFO  c.e.r.c.DatabaseInitializationListener -    ✓ Table 'restaurant_table' exists
2025-11-15 12:37:56.868 [restartedMain] INFO  c.e.r.c.DatabaseInitializationListener -    ✓ Table 'orders' exists
2025-11-15 12:37:56.868 [restartedMain] INFO  c.e.r.c.DatabaseInitializationListener -    ✓ Table 'order_item' exists
2025-11-15 12:37:56.868 [restartedMain] INFO  c.e.r.c.DatabaseInitializationListener -    ✓ Table 'bill' exists
2025-11-15 12:37:56.868 [restartedMain] INFO  c.e.r.c.DatabaseInitializationListener -    ✓ Table 'ingredient' exists
2025-11-15 12:37:56.868 [restartedMain] INFO  c.e.r.c.DatabaseInitializationListener -    ✓ Table 'menu_ingredient' exists
2025-11-15 12:37:56.879 [restartedMain] INFO  c.e.r.c.DatabaseInitializationListener -    ✓ Table 'supplier' exists
2025-11-15 12:37:56.879 [restartedMain] INFO  c.e.r.c.DatabaseInitializationListener -    ✓ Table 'purchase_order' exists
2025-11-15 12:37:56.879 [restartedMain] INFO  c.e.r.c.DatabaseInitializationListener - 
2025-11-15 12:37:56.879 [restartedMain] INFO  c.e.r.c.DatabaseInitializationListener - ✅ SUCCESS: All 10 required tables exist!
2025-11-15 12:37:56.879 [restartedMain] INFO  c.e.r.c.DatabaseInitializationListener - ℹ️  Hibernate will update schema automatically if needed (ddl-auto=update)
2025-11-15 12:37:56.879 [restartedMain] INFO  c.e.r.c.DatabaseInitializationListener - ========================================
2025-11-15 12:37:56.879 [restartedMain] INFO  c.e.r.c.DatabaseInitializationListener - 
2025-11-15 12:37:56.985 [restartedMain] INFO  c.e.r.service.SeedDataService - ℹ️  Database already contains data. Skipping main seed data initialization.
2025-11-15 12:37:56.985 [restartedMain] INFO  c.e.r.service.SeedDataService - 🏢 Seeding suppliers...
2025-11-15 12:37:56.998 [restartedMain] INFO  c.e.r.service.SeedDataService -    ⏭️  Suppliers already exist
2025-11-15 12:37:56.998 [restartedMain] INFO  c.e.r.service.SeedDataService - 🥘 Seeding ingredients...
2025-11-15 12:37:57.001 [restartedMain] INFO  c.e.r.service.SeedDataService -    ⏭️  Ingredients already exist
2025-11-15 12:37:57.002 [restartedMain] INFO  c.e.r.service.SeedDataService - 📋 Seeding tasks...
2025-11-15 12:37:57.004 [restartedMain] INFO  c.e.r.service.SeedDataService -    ⏭️  Tasks already exist
2025-11-15 12:37:57.004 [restartedMain] INFO  c.e.r.service.SeedDataService - 👔 Seeding employees...
2025-11-15 12:37:57.004 [restartedMain] INFO  c.e.r.service.SeedDataService -    ⏭️  Employees already exist
2025-11-15 12:37:57.004 [restartedMain] INFO  c.e.r.service.SeedDataService - 🏪 Seeding outlets...
2025-11-15 12:37:57.015 [restartedMain] INFO  c.e.r.service.SeedDataService -    ⏭️  Outlets already exist
2025-11-15 12:37:57.015 [restartedMain] INFO  c.e.r.service.SeedDataService - 🔧 Seeding modifiers...
2025-11-15 12:37:57.141 [restartedMain] INFO  c.e.r.service.SeedDataService -    ✅ Created modifier groups and modifiers
2025-11-15 12:38:17.718 [http-nio-8080-exec-1] INFO  o.a.c.c.C.[Tomcat].[localhost].[/] - Initializing Spring DispatcherServlet 'dispatcherServlet'
2025-11-15 12:38:19.147 [http-nio-8080-exec-2] WARN  c.e.r.config.GlobalExceptionHandler - Runtime error: Could not write JSON: Document nesting depth (1001) exceeds the maximum allowed (1000, from `StreamWriteConstraints.getMaxNestingDepth()`)
2025-11-15 12:38:19.151 [http-nio-8080-exec-2] WARN  o.s.w.s.m.m.a.ExceptionHandlerExceptionResolver - Resolved [org.springframework.http.converter.HttpMessageNotWritableException: Could not write JSON: Document nesting depth (1001) exceeds the maximum allowed (1000, from `StreamWriteConstraints.getMaxNestingDepth()`)]
2025-11-15 12:38:34.565 [http-nio-8080-exec-8] WARN  c.e.r.config.GlobalExceptionHandler - Runtime error: Could not write JSON: Document nesting depth (1001) exceeds the maximum allowed (1000, from `StreamWriteConstraints.getMaxNestingDepth()`)
2025-11-15 12:38:34.565 [http-nio-8080-exec-8] WARN  o.s.w.s.m.m.a.ExceptionHandlerExceptionResolver - Resolved [org.springframework.http.converter.HttpMessageNotWritableException: Could not write JSON: Document nesting depth (1001) exceeds the maximum allowed (1000, from `StreamWriteConstraints.getMaxNestingDepth()`)]
2025-11-15 12:38:43.855 [http-nio-8080-exec-3] WARN  c.e.r.config.GlobalExceptionHandler - Runtime error: Could not write JSON: Document nesting depth (1001) exceeds the maximum allowed (1000, from `StreamWriteConstraints.getMaxNestingDepth()`)
2025-11-15 12:38:43.855 [http-nio-8080-exec-3] WARN  o.s.w.s.m.m.a.ExceptionHandlerExceptionResolver - Resolved [org.springframework.http.converter.HttpMessageNotWritableException: Could not write JSON: Document nesting depth (1001) exceeds the maximum allowed (1000, from `StreamWriteConstraints.getMaxNestingDepth()`)]
2025-11-15 12:39:34.994 [SpringApplicationShutdownHook] INFO  o.s.b.w.e.tomcat.GracefulShutdown - Commencing graceful shutdown. Waiting for active requests to complete
2025-11-15 12:39:35.029 [tomcat-shutdown] INFO  o.s.b.w.e.tomcat.GracefulShutdown - Graceful shutdown complete
2025-11-15 12:39:35.040 [SpringApplicationShutdownHook] INFO  o.s.m.s.b.SimpleBrokerMessageHandler - Stopping...
2025-11-15 12:39:35.041 [SpringApplicationShutdownHook] INFO  o.s.m.s.b.SimpleBrokerMessageHandler - BrokerAvailabilityEvent[available=false, SimpleBrokerMessageHandler [org.springframework.messaging.simp.broker.DefaultSubscriptionRegistry@287691cf]]
2025-11-15 12:39:35.045 [SpringApplicationShutdownHook] INFO  o.s.m.s.b.SimpleBrokerMessageHandler - Stopped.
2025-11-15 12:39:35.056 [SpringApplicationShutdownHook] INFO  o.s.o.j.LocalContainerEntityManagerFactoryBean - Closing JPA EntityManagerFactory for persistence unit 'default'
2025-11-15 12:39:35.062 [SpringApplicationShutdownHook] INFO  com.zaxxer.hikari.HikariDataSource - HikariPool-1 - Shutdown initiated...
2025-11-15 12:39:35.083 [SpringApplicationShutdownHook] INFO  com.zaxxer.hikari.HikariDataSource - HikariPool-1 - Shutdown completed.
2025-11-15 12:39:49.689 [restartedMain] INFO  c.e.r.RestroSuiteApplication - Starting RestroSuiteApplication using Java 21.0.8 with PID 56208 (C:\Users\yogin\OneDrive\Desktop\Java Project\petpooja-clone\backend\petpooja_clone\target\classes started by yogin in C:\Users\yogin\OneDrive\Desktop\Java Project\petpooja-clone\backend\petpooja_clone)
2025-11-15 12:39:49.691 [restartedMain] INFO  c.e.r.RestroSuiteApplication - No active profile set, falling back to 1 default profile: "default"
2025-11-15 12:39:49.742 [restartedMain] INFO  o.s.b.d.e.DevToolsPropertyDefaultsPostProcessor - Devtools property defaults active! Set 'spring.devtools.add-properties' to 'false' to disable
2025-11-15 12:39:49.742 [restartedMain] INFO  o.s.b.d.e.DevToolsPropertyDefaultsPostProcessor - For additional web related logging consider setting the 'logging.level.web' property to 'DEBUG'
2025-11-15 12:39:51.264 [restartedMain] INFO  o.s.d.r.c.RepositoryConfigurationDelegate - Bootstrapping Spring Data JPA repositories in DEFAULT mode.
2025-11-15 12:39:51.453 [restartedMain] INFO  o.s.d.r.c.RepositoryConfigurationDelegate - Finished Spring Data repository scanning in 165 ms. Found 21 JPA repository interfaces.
2025-11-15 12:39:52.314 [restartedMain] INFO  o.s.b.w.e.tomcat.TomcatWebServer - Tomcat initialized with port 8080 (http)
2025-11-15 12:39:52.331 [restartedMain] INFO  o.a.catalina.core.StandardService - Starting service [Tomcat]
2025-11-15 12:39:52.331 [restartedMain] INFO  o.a.catalina.core.StandardEngine - Starting Servlet engine: [Apache Tomcat/10.1.48]
2025-11-15 12:39:52.414 [restartedMain] INFO  o.a.c.c.C.[Tomcat].[localhost].[/] - Initializing Spring embedded WebApplicationContext
2025-11-15 12:39:52.464 [restartedMain] INFO  o.s.b.w.s.c.ServletWebServerApplicationContext - Root WebApplicationContext: initialization completed in 2722 ms
2025-11-15 12:39:52.647 [restartedMain] WARN  c.e.restrosuite.security.JwtUtil - JWT_SECRET not set, using in-memory key (NOT SECURE FOR PRODUCTION)
2025-11-15 12:39:52.685 [restartedMain] INFO  c.e.r.security.CognitoTokenValidator - Initializing Cognito JWT processor with JWK URL: https://cognito-idp.ap-south-1.amazonaws.com/ap-south-1_7YeOOqnqx/.well-known/jwks.json
2025-11-15 12:39:52.726 [restartedMain] INFO  c.e.r.security.CognitoTokenValidator - Cognito JWT processor initialized successfully
2025-11-15 12:39:53.602 [restartedMain] INFO  o.s.o.j.p.SpringPersistenceUnitInfo - No LoadTimeWeaver setup: ignoring JPA class transformer
2025-11-15 12:39:53.693 [restartedMain] INFO  com.zaxxer.hikari.HikariDataSource - HikariPool-1 - Starting...
2025-11-15 12:39:54.099 [restartedMain] INFO  com.zaxxer.hikari.pool.HikariPool - HikariPool-1 - Added connection org.postgresql.jdbc.PgConnection@56be8d8c
2025-11-15 12:39:54.099 [restartedMain] INFO  com.zaxxer.hikari.HikariDataSource - HikariPool-1 - Start completed.
2025-11-15 12:39:54.166 [restartedMain] WARN  org.hibernate.orm.deprecation - HHH90000025: PostgreSQLDialect does not need to be specified explicitly using 'hibernate.dialect' (remove the property setting and it will be selected by default)
2025-11-15 12:39:56.570 [restartedMain] INFO  o.s.o.j.LocalContainerEntityManagerFactoryBean - Initialized JPA EntityManagerFactory for persistence unit 'default'
2025-11-15 12:39:56.979 [restartedMain] INFO  o.s.d.j.r.query.QueryEnhancerFactory - Hibernate is in classpath; If applicable, HQL parser will be used.
2025-11-15 12:39:58.597 [restartedMain] WARN  o.s.b.a.o.j.JpaBaseConfiguration$JpaWebConfiguration - spring.jpa.open-in-view is enabled by default. Therefore, database queries may be performed during view rendering. Explicitly configure spring.jpa.open-in-view to disable this warning
2025-11-15 12:39:58.650 [restartedMain] WARN  o.s.b.a.s.s.UserDetailsServiceAutoConfiguration - 

Using generated security password: 7b057f46-eb3b-4e47-9ef8-6d254799b4f0

This generated password is for development use only. Your security configuration must be updated before running your application in production.

2025-11-15 12:39:58.658 [restartedMain] INFO  o.s.s.c.a.a.c.InitializeUserDetailsBeanManagerConfigurer$InitializeUserDetailsManagerConfigurer - Global AuthenticationManager configured with UserDetailsService bean with name inMemoryUserDetailsManager
2025-11-15 12:39:59.097 [restartedMain] INFO  o.s.b.a.e.web.EndpointLinksResolver - Exposing 2 endpoints beneath base path '/actuator'
2025-11-15 12:39:59.564 [restartedMain] INFO  o.s.b.d.a.OptionalLiveReloadServer - LiveReload server is running on port 35729
2025-11-15 12:39:59.647 [restartedMain] INFO  o.s.m.s.b.SimpleBrokerMessageHandler - Starting...
2025-11-15 12:39:59.647 [restartedMain] INFO  o.s.m.s.b.SimpleBrokerMessageHandler - BrokerAvailabilityEvent[available=true, SimpleBrokerMessageHandler [org.springframework.messaging.simp.broker.DefaultSubscriptionRegistry@4adc9d7a]]
2025-11-15 12:39:59.647 [restartedMain] INFO  o.s.m.s.b.SimpleBrokerMessageHandler - Started.
2025-11-15 12:39:59.678 [restartedMain] INFO  o.s.b.w.e.tomcat.TomcatWebServer - Tomcat started on port 8080 (http) with context path '/'
2025-11-15 12:39:59.699 [restartedMain] INFO  c.e.r.RestroSuiteApplication - Started RestroSuiteApplication in 10.833 seconds (process running for 11.984)
2025-11-15 12:39:59.798 [restartedMain] INFO  c.e.r.c.DatabaseInitializationListener - 
2025-11-15 12:39:59.799 [restartedMain] INFO  c.e.r.c.DatabaseInitializationListener - ========================================
2025-11-15 12:39:59.800 [restartedMain] INFO  c.e.r.c.DatabaseInitializationListener - 📊 DATABASE TABLES STATUS CHECK
2025-11-15 12:39:59.800 [restartedMain] INFO  c.e.r.c.DatabaseInitializationListener - ========================================
2025-11-15 12:39:59.811 [restartedMain] INFO  c.e.r.c.DatabaseInitializationListener - 📋 All tables in database: [attendance, bill, customer, discount, employee, ingredient, leave, location, menu_ingredient, menu_item, menu_item_modifier_group, menu_modifier, modifier_group, order_item, order_item_modifier, orders, outlet, payment, payroll, purchase_order, reservation, restaurant_table, supplier, task, user]
2025-11-15 12:39:59.813 [restartedMain] INFO  c.e.r.c.DatabaseInitializationListener - ✅ Found 10 existing table(s):
2025-11-15 12:39:59.814 [restartedMain] INFO  c.e.r.c.DatabaseInitializationListener -    ✓ Table 'user' exists
2025-11-15 12:39:59.814 [restartedMain] INFO  c.e.r.c.DatabaseInitializationListener -    ✓ Table 'menu_item' exists
2025-11-15 12:39:59.814 [restartedMain] INFO  c.e.r.c.DatabaseInitializationListener -    ✓ Table 'restaurant_table' exists
2025-11-15 12:39:59.816 [restartedMain] INFO  c.e.r.c.DatabaseInitializationListener -    ✓ Table 'orders' exists
2025-11-15 12:39:59.816 [restartedMain] INFO  c.e.r.c.DatabaseInitializationListener -    ✓ Table 'order_item' exists
2025-11-15 12:39:59.816 [restartedMain] INFO  c.e.r.c.DatabaseInitializationListener -    ✓ Table 'bill' exists
2025-11-15 12:39:59.817 [restartedMain] INFO  c.e.r.c.DatabaseInitializationListener -    ✓ Table 'ingredient' exists
2025-11-15 12:39:59.817 [restartedMain] INFO  c.e.r.c.DatabaseInitializationListener -    ✓ Table 'menu_ingredient' exists
2025-11-15 12:39:59.817 [restartedMain] INFO  c.e.r.c.DatabaseInitializationListener -    ✓ Table 'supplier' exists
2025-11-15 12:39:59.817 [restartedMain] INFO  c.e.r.c.DatabaseInitializationListener -    ✓ Table 'purchase_order' exists
2025-11-15 12:39:59.817 [restartedMain] INFO  c.e.r.c.DatabaseInitializationListener - 
2025-11-15 12:39:59.817 [restartedMain] INFO  c.e.r.c.DatabaseInitializationListener - ✅ SUCCESS: All 10 required tables exist!
2025-11-15 12:39:59.817 [restartedMain] INFO  c.e.r.c.DatabaseInitializationListener - ℹ️  Hibernate will update schema automatically if needed (ddl-auto=update)
2025-11-15 12:39:59.817 [restartedMain] INFO  c.e.r.c.DatabaseInitializationListener - ========================================
2025-11-15 12:39:59.817 [restartedMain] INFO  c.e.r.c.DatabaseInitializationListener - 
2025-11-15 12:40:00.052 [restartedMain] INFO  c.e.r.service.SeedDataService - ℹ️  Database already contains data. Skipping main seed data initialization.
2025-11-15 12:40:00.052 [restartedMain] INFO  c.e.r.service.SeedDataService - 🏢 Seeding suppliers...
2025-11-15 12:40:00.063 [restartedMain] INFO  c.e.r.service.SeedDataService -    ⏭️  Suppliers already exist
2025-11-15 12:40:00.063 [restartedMain] INFO  c.e.r.service.SeedDataService - 🥘 Seeding ingredients...
2025-11-15 12:40:00.063 [restartedMain] INFO  c.e.r.service.SeedDataService -    ⏭️  Ingredients already exist
2025-11-15 12:40:00.063 [restartedMain] INFO  c.e.r.service.SeedDataService - 📋 Seeding tasks...
2025-11-15 12:40:00.069 [restartedMain] INFO  c.e.r.service.SeedDataService -    ⏭️  Tasks already exist
2025-11-15 12:40:00.069 [restartedMain] INFO  c.e.r.service.SeedDataService - 👔 Seeding employees...
2025-11-15 12:40:00.076 [restartedMain] INFO  c.e.r.service.SeedDataService -    ⏭️  Employees already exist
2025-11-15 12:40:00.076 [restartedMain] INFO  c.e.r.service.SeedDataService - 🏪 Seeding outlets...
2025-11-15 12:40:00.080 [restartedMain] INFO  c.e.r.service.SeedDataService -    ⏭️  Outlets already exist
2025-11-15 12:40:00.080 [restartedMain] INFO  c.e.r.service.SeedDataService - 🔧 Seeding modifiers...
2025-11-15 12:40:00.086 [restartedMain] INFO  c.e.r.service.SeedDataService -    ⏭️  Modifiers already exist
2025-11-15 12:40:04.348 [http-nio-8080-exec-1] INFO  o.a.c.c.C.[Tomcat].[localhost].[/] - Initializing Spring DispatcherServlet 'dispatcherServlet'
2025-11-15 12:40:09.714 [http-nio-8080-exec-7] WARN  c.e.r.config.GlobalExceptionHandler - Runtime error: Could not write JSON: Document nesting depth (1001) exceeds the maximum allowed (1000, from `StreamWriteConstraints.getMaxNestingDepth()`)
2025-11-15 12:40:09.721 [http-nio-8080-exec-7] WARN  o.s.w.s.m.m.a.ExceptionHandlerExceptionResolver - Resolved [org.springframework.http.converter.HttpMessageNotWritableException: Could not write JSON: Document nesting depth (1001) exceeds the maximum allowed (1000, from `StreamWriteConstraints.getMaxNestingDepth()`)]
2025-11-15 12:40:12.654 [http-nio-8080-exec-10] WARN  c.e.r.config.GlobalExceptionHandler - Runtime error: Could not write JSON: Document nesting depth (1001) exceeds the maximum allowed (1000, from `StreamWriteConstraints.getMaxNestingDepth()`)
2025-11-15 12:40:12.658 [http-nio-8080-exec-10] WARN  o.s.w.s.m.m.a.ExceptionHandlerExceptionResolver - Resolved [org.springframework.http.converter.HttpMessageNotWritableException: Could not write JSON: Document nesting depth (1001) exceeds the maximum allowed (1000, from `StreamWriteConstraints.getMaxNestingDepth()`)]
2025-11-15 12:44:35.089 [http-nio-8080-exec-10] WARN  c.e.r.config.GlobalExceptionHandler - Runtime error: Could not write JSON: Document nesting depth (1001) exceeds the maximum allowed (1000, from `StreamWriteConstraints.getMaxNestingDepth()`)
2025-11-15 12:44:35.091 [http-nio-8080-exec-10] WARN  o.s.w.s.m.m.a.ExceptionHandlerExceptionResolver - Resolved [org.springframework.http.converter.HttpMessageNotWritableException: Could not write JSON: Document nesting depth (1001) exceeds the maximum allowed (1000, from `StreamWriteConstraints.getMaxNestingDepth()`)]
2025-11-15 12:44:37.772 [http-nio-8080-exec-1] WARN  c.e.r.config.GlobalExceptionHandler - Runtime error: Could not write JSON: Document nesting depth (1001) exceeds the maximum allowed (1000, from `StreamWriteConstraints.getMaxNestingDepth()`)
2025-11-15 12:44:37.775 [http-nio-8080-exec-1] WARN  o.s.w.s.m.m.a.ExceptionHandlerExceptionResolver - Resolved [org.springframework.http.converter.HttpMessageNotWritableException: Could not write JSON: Document nesting depth (1001) exceeds the maximum allowed (1000, from `StreamWriteConstraints.getMaxNestingDepth()`)]
2025-11-15 12:46:40.186 [http-nio-8080-exec-1] WARN  c.e.r.config.GlobalExceptionHandler - Runtime error: Could not write JSON: Document nesting depth (1001) exceeds the maximum allowed (1000, from `StreamWriteConstraints.getMaxNestingDepth()`)
2025-11-15 12:46:40.188 [http-nio-8080-exec-1] WARN  o.s.w.s.m.m.a.ExceptionHandlerExceptionResolver - Resolved [org.springframework.http.converter.HttpMessageNotWritableException: Could not write JSON: Document nesting depth (1001) exceeds the maximum allowed (1000, from `StreamWriteConstraints.getMaxNestingDepth()`)]
2025-11-15 12:46:50.589 [http-nio-8080-exec-5] WARN  c.e.r.config.GlobalExceptionHandler - Runtime error: Could not write JSON: Document nesting depth (1001) exceeds the maximum allowed (1000, from `StreamWriteConstraints.getMaxNestingDepth()`)
2025-11-15 12:46:50.589 [http-nio-8080-exec-5] WARN  o.s.w.s.m.m.a.ExceptionHandlerExceptionResolver - Resolved [org.springframework.http.converter.HttpMessageNotWritableException: Could not write JSON: Document nesting depth (1001) exceeds the maximum allowed (1000, from `StreamWriteConstraints.getMaxNestingDepth()`)]
2025-11-15 12:53:54.406 [http-nio-8080-exec-8] WARN  c.e.r.config.GlobalExceptionHandler - Runtime error: Could not write JSON: Document nesting depth (1001) exceeds the maximum allowed (1000, from `StreamWriteConstraints.getMaxNestingDepth()`)
2025-11-15 12:53:54.416 [http-nio-8080-exec-8] WARN  o.s.w.s.m.m.a.ExceptionHandlerExceptionResolver - Resolved [org.springframework.http.converter.HttpMessageNotWritableException: Could not write JSON: Document nesting depth (1001) exceeds the maximum allowed (1000, from `StreamWriteConstraints.getMaxNestingDepth()`)]
2025-11-15 12:54:16.194 [http-nio-8080-exec-5] WARN  c.e.r.config.GlobalExceptionHandler - Runtime error: Could not write JSON: Document nesting depth (1001) exceeds the maximum allowed (1000, from `StreamWriteConstraints.getMaxNestingDepth()`)
2025-11-15 12:54:16.197 [http-nio-8080-exec-5] WARN  o.s.w.s.m.m.a.ExceptionHandlerExceptionResolver - Resolved [org.springframework.http.converter.HttpMessageNotWritableException: Could not write JSON: Document nesting depth (1001) exceeds the maximum allowed (1000, from `StreamWriteConstraints.getMaxNestingDepth()`)]
2025-11-15 12:54:22.295 [http-nio-8080-exec-4] WARN  c.e.r.config.GlobalExceptionHandler - Runtime error: Could not write JSON: Document nesting depth (1001) exceeds the maximum allowed (1000, from `StreamWriteConstraints.getMaxNestingDepth()`)
2025-11-15 12:54:22.301 [http-nio-8080-exec-4] WARN  o.s.w.s.m.m.a.ExceptionHandlerExceptionResolver - Resolved [org.springframework.http.converter.HttpMessageNotWritableException: Could not write JSON: Document nesting depth (1001) exceeds the maximum allowed (1000, from `StreamWriteConstraints.getMaxNestingDepth()`)]
2025-11-15 12:54:57.140 [http-nio-8080-exec-5] WARN  c.e.r.config.GlobalExceptionHandler - Runtime error: Could not write JSON: Document nesting depth (1001) exceeds the maximum allowed (1000, from `StreamWriteConstraints.getMaxNestingDepth()`)
2025-11-15 12:54:57.144 [http-nio-8080-exec-5] WARN  o.s.w.s.m.m.a.ExceptionHandlerExceptionResolver - Resolved [org.springframework.http.converter.HttpMessageNotWritableException: Could not write JSON: Document nesting depth (1001) exceeds the maximum allowed (1000, from `StreamWriteConstraints.getMaxNestingDepth()`)]
2025-11-15 12:55:05.531 [http-nio-8080-exec-4] WARN  c.e.r.config.GlobalExceptionHandler - Runtime error: Could not write JSON: Document nesting depth (1001) exceeds the maximum allowed (1000, from `StreamWriteConstraints.getMaxNestingDepth()`)
2025-11-15 12:55:05.533 [http-nio-8080-exec-4] WARN  o.s.w.s.m.m.a.ExceptionHandlerExceptionResolver - Resolved [org.springframework.http.converter.HttpMessageNotWritableException: Could not write JSON: Document nesting depth (1001) exceeds the maximum allowed (1000, from `StreamWriteConstraints.getMaxNestingDepth()`)]
2025-11-15 12:55:32.265 [http-nio-8080-exec-7] WARN  c.e.r.config.GlobalExceptionHandler - Runtime error: Could not write JSON: Document nesting depth (1001) exceeds the maximum allowed (1000, from `StreamWriteConstraints.getMaxNestingDepth()`)
2025-11-15 12:55:32.271 [http-nio-8080-exec-7] WARN  o.s.w.s.m.m.a.ExceptionHandlerExceptionResolver - Resolved [org.springframework.http.converter.HttpMessageNotWritableException: Could not write JSON: Document nesting depth (1001) exceeds the maximum allowed (1000, from `StreamWriteConstraints.getMaxNestingDepth()`)]
2025-11-15 12:55:39.985 [http-nio-8080-exec-3] WARN  c.e.r.config.GlobalExceptionHandler - Runtime error: Could not write JSON: Document nesting depth (1001) exceeds the maximum allowed (1000, from `StreamWriteConstraints.getMaxNestingDepth()`)
2025-11-15 12:55:40.090 [http-nio-8080-exec-3] WARN  o.s.w.s.m.m.a.ExceptionHandlerExceptionResolver - Resolved [org.springframework.http.converter.HttpMessageNotWritableException: Could not write JSON: Document nesting depth (1001) exceeds the maximum allowed (1000, from `StreamWriteConstraints.getMaxNestingDepth()`)]
2025-11-15 12:56:27.113 [http-nio-8080-exec-8] WARN  c.e.r.config.GlobalExceptionHandler - Runtime error: Could not write JSON: Document nesting depth (1001) exceeds the maximum allowed (1000, from `StreamWriteConstraints.getMaxNestingDepth()`)
2025-11-15 12:56:27.115 [http-nio-8080-exec-8] WARN  o.s.w.s.m.m.a.ExceptionHandlerExceptionResolver - Resolved [org.springframework.http.converter.HttpMessageNotWritableException: Could not write JSON: Document nesting depth (1001) exceeds the maximum allowed (1000, from `StreamWriteConstraints.getMaxNestingDepth()`)]
2025-11-15 12:56:43.944 [http-nio-8080-exec-2] WARN  c.e.r.config.GlobalExceptionHandler - Runtime error: Could not write JSON: Document nesting depth (1001) exceeds the maximum allowed (1000, from `StreamWriteConstraints.getMaxNestingDepth()`)
2025-11-15 12:56:43.948 [http-nio-8080-exec-2] WARN  o.s.w.s.m.m.a.ExceptionHandlerExceptionResolver - Resolved [org.springframework.http.converter.HttpMessageNotWritableException: Could not write JSON: Document nesting depth (1001) exceeds the maximum allowed (1000, from `StreamWriteConstraints.getMaxNestingDepth()`)]
2025-11-15 12:56:46.331 [http-nio-8080-exec-10] WARN  c.e.r.config.GlobalExceptionHandler - Runtime error: Could not write JSON: Document nesting depth (1001) exceeds the maximum allowed (1000, from `StreamWriteConstraints.getMaxNestingDepth()`)
2025-11-15 12:56:46.331 [http-nio-8080-exec-10] WARN  o.s.w.s.m.m.a.ExceptionHandlerExceptionResolver - Resolved [org.springframework.http.converter.HttpMessageNotWritableException: Could not write JSON: Document nesting depth (1001) exceeds the maximum allowed (1000, from `StreamWriteConstraints.getMaxNestingDepth()`)]
2025-11-15 13:00:00.012 [MessageBroker-6] INFO  c.e.r.service.ScheduledTasksService - Hourly scheduled task executed
2025-11-15 13:00:42.600 [http-nio-8080-exec-5] WARN  c.e.r.config.GlobalExceptionHandler - Runtime error: Could not write JSON: Document nesting depth (1001) exceeds the maximum allowed (1000, from `StreamWriteConstraints.getMaxNestingDepth()`)
2025-11-15 13:00:42.600 [http-nio-8080-exec-5] WARN  o.s.w.s.m.m.a.ExceptionHandlerExceptionResolver - Resolved [org.springframework.http.converter.HttpMessageNotWritableException: Could not write JSON: Document nesting depth (1001) exceeds the maximum allowed (1000, from `StreamWriteConstraints.getMaxNestingDepth()`)]
2025-11-15 13:00:44.926 [http-nio-8080-exec-8] WARN  c.e.r.config.GlobalExceptionHandler - Runtime error: Could not write JSON: Document nesting depth (1001) exceeds the maximum allowed (1000, from `StreamWriteConstraints.getMaxNestingDepth()`)
2025-11-15 13:00:44.926 [http-nio-8080-exec-8] WARN  o.s.w.s.m.m.a.ExceptionHandlerExceptionResolver - Resolved [org.springframework.http.converter.HttpMessageNotWritableException: Could not write JSON: Document nesting depth (1001) exceeds the maximum allowed (1000, from `StreamWriteConstraints.getMaxNestingDepth()`)]
